This is pdfTeX, Version 3.141592653-2.6-1.40.24 (MiKTeX 22.3) (preloaded format=pdflatex 2022.5.30)  11 DEC 2022 12:03
entering extended mode
 restricted \write18 enabled.
 %&-line parsing enabled.
**./memoria.tex
(memoria.tex
LaTeX2e <2021-11-15> patch level 1
L3 programming layer <2022-02-24>
(D:\Programs\LaTeX\MiKTeX\tex/latex/base\article.cls
Document Class: article 2021/10/04 v1.4n Standard LaTeX document class
(D:\Programs\LaTeX\MiKTeX\tex/latex/base\size11.clo
File: size11.clo 2021/10/04 v1.4n Standard LaTeX file (size option)
)
\c@part=\count185
\c@section=\count186
\c@subsection=\count187
\c@subsubsection=\count188
\c@paragraph=\count189
\c@subparagraph=\count190
\c@figure=\count191
\c@table=\count192
\abovecaptionskip=\skip47
\belowcaptionskip=\skip48
\bibindent=\dimen138
)
(D:\Programs\LaTeX\MiKTeX\tex/latex/microtype\microtype.sty
Package: microtype 2022/06/23 v3.0f Micro-typographical refinements (RS)

(D:\Programs\LaTeX\MiKTeX\tex/latex/graphics\keyval.sty
Package: keyval 2014/10/28 v1.15 key=value parser (DPC)
\KV@toks@=\toks16
)
(D:\Programs\LaTeX\MiKTeX\tex/latex/etoolbox\etoolbox.sty
Package: etoolbox 2020/10/05 v2.5k e-TeX tools for LaTeX (JAW)
\etb@tempcnta=\count193
)
\MT@toks=\toks17
\MT@tempbox=\box50
\MT@count=\count194
LaTeX Info: Redefining \noprotrusionifhmode on input line 1045.
LaTeX Info: Redefining \leftprotrusion on input line 1046.
LaTeX Info: Redefining \rightprotrusion on input line 1056.
LaTeX Info: Redefining \textls on input line 1234.
\MT@outer@kern=\dimen139
LaTeX Info: Redefining \textmicrotypecontext on input line 1858.
\MT@listname@count=\count195

(D:\Programs\LaTeX\MiKTeX\tex/latex/microtype\microtype-pdftex.def
File: microtype-pdftex.def 2022/06/23 v3.0f Definitions specific to pdftex (RS)

LaTeX Info: Redefining \lsstyle on input line 900.
LaTeX Info: Redefining \lslig on input line 900.
\MT@outer@space=\skip49
)
Package microtype Info: Loading configuration file microtype.cfg.

(D:\Programs\LaTeX\MiKTeX\tex/latex/microtype\microtype.cfg
File: microtype.cfg 2022/06/23 v3.0f microtype main configuration file (RS)
))
(D:\Programs\LaTeX\MiKTeX\tex/latex/psnfss\mathpazo.sty
Package: mathpazo 2020/03/25 PSNFSS-v9.3 Palatino w/ Pazo Math (D.Puga, WaS) 
\symupright=\mathgroup4
)
(D:\Programs\LaTeX\MiKTeX\tex/generic/babel\babel.sty
Package: babel 2022/02/26 3.73 The Babel package
\babel@savecnt=\count196
\U@D=\dimen140
\l@unhyphenated=\language79

(D:\Programs\LaTeX\MiKTeX\tex/generic/babel\txtbabel.def)
\bbl@readstream=\read2
\bbl@dirlevel=\count197

*************************************
* Local config file bblopts.cfg used
*
(D:\Programs\LaTeX\MiKTeX\tex/latex/arabi\bblopts.cfg
File: bblopts.cfg 2005/09/08 v0.1 add Arabic and Farsi to "declared" options of
 babel
)
(D:\Programs\LaTeX\MiKTeX\tex/latex/babel-spanish\spanish.ldf
Language: spanish.ldf 2021/05/27 v5.0q Spanish support from the babel system
\es@quottoks=\toks18
\es@quotdepth=\count198
Package babel Info: Making " an active character on input line 570.
Package babel Info: Making . an active character on input line 675.
))
(D:\Programs\LaTeX\MiKTeX\tex/latex/base\inputenc.sty
Package: inputenc 2021/02/14 v1.3d Input encoding file
\inpenc@prehook=\toks19
\inpenc@posthook=\toks20
)
(D:\Programs\LaTeX\MiKTeX\tex/latex/base\fontenc.sty
Package: fontenc 2021/04/29 v2.0v Standard LaTeX package
LaTeX Font Info:    Trying to load font information for T1+ppl on input line 11
2.

(D:\Programs\LaTeX\MiKTeX\tex/latex/psnfss\t1ppl.fd
File: t1ppl.fd 2001/06/04 font definitions for T1/ppl.
))
(D:\Programs\LaTeX\MiKTeX\tex/latex/listings\listings.sty
\lst@mode=\count199
\lst@gtempboxa=\box51
\lst@token=\toks21
\lst@length=\count266
\lst@currlwidth=\dimen141
\lst@column=\count267
\lst@pos=\count268
\lst@lostspace=\dimen142
\lst@width=\dimen143
\lst@newlines=\count269
\lst@lineno=\count270
\lst@maxwidth=\dimen144

(D:\Programs\LaTeX\MiKTeX\tex/latex/listings\lstmisc.sty
File: lstmisc.sty 2020/03/24 1.8d (Carsten Heinz)
\c@lstnumber=\count271
\lst@skipnumbers=\count272
\lst@framebox=\box52
)
(D:\Programs\LaTeX\MiKTeX\tex/latex/listings\listings.cfg
File: listings.cfg 2020/03/24 1.8d listings configuration
))
Package: listings 2020/03/24 1.8d (Carsten Heinz)

(D:\Programs\LaTeX\MiKTeX\tex/latex/booktabs\booktabs.sty
Package: booktabs 2020/01/12 v1.61803398 Publication quality tables
\heavyrulewidth=\dimen145
\lightrulewidth=\dimen146
\cmidrulewidth=\dimen147
\belowrulesep=\dimen148
\belowbottomsep=\dimen149
\aboverulesep=\dimen150
\abovetopsep=\dimen151
\cmidrulesep=\dimen152
\cmidrulekern=\dimen153
\defaultaddspace=\dimen154
\@cmidla=\count273
\@cmidlb=\count274
\@aboverulesep=\dimen155
\@belowrulesep=\dimen156
\@thisruleclass=\count275
\@lastruleclass=\count276
\@thisrulewidth=\dimen157
)
(D:\Programs\LaTeX\MiKTeX\tex/latex/fancyvrb\fancyvrb.sty
Package: fancyvrb 2022/06/06 4.5 verbatim text (tvz,hv)
\FV@CodeLineNo=\count277
\FV@InFile=\read3
\FV@TabBox=\box53
\c@FancyVerbLine=\count278
\FV@StepNumber=\count279
\FV@OutFile=\write3
)
(D:\Programs\LaTeX\MiKTeX\tex/latex/graphics\graphicx.sty
Package: graphicx 2021/09/16 v1.2d Enhanced LaTeX Graphics (DPC,SPQR)

(D:\Programs\LaTeX\MiKTeX\tex/latex/graphics\graphics.sty
Package: graphics 2021/03/04 v1.4d Standard LaTeX Graphics (DPC,SPQR)

(D:\Programs\LaTeX\MiKTeX\tex/latex/graphics\trig.sty
Package: trig 2021/08/11 v1.11 sin cos tan (DPC)
)
(D:\Programs\LaTeX\MiKTeX\tex/latex/graphics-cfg\graphics.cfg
File: graphics.cfg 2016/06/04 v1.11 sample graphics configuration
)
Package graphics Info: Driver file: pdftex.def on input line 107.

(D:\Programs\LaTeX\MiKTeX\tex/latex/graphics-def\pdftex.def
File: pdftex.def 2020/10/05 v1.2a Graphics/color driver for pdftex
))
\Gin@req@height=\dimen158
\Gin@req@width=\dimen159
)
LaTeX Info: Redefining \. on input line 33.
LaTeX Info: Redefining \% on input line 33.

(D:\Programs\LaTeX\MiKTeX\tex/latex/wrapfig\wrapfig.sty
\wrapoverhang=\dimen160
\WF@size=\dimen161
\c@WF@wrappedlines=\count280
\WF@box=\box54
\WF@everypar=\toks22
Package: wrapfig 2003/01/31  v 3.6
)
(D:\Programs\LaTeX\MiKTeX\tex/latex/graphics\color.sty
Package: color 2021/12/07 v1.3c Standard LaTeX Color (DPC)

(D:\Programs\LaTeX\MiKTeX\tex/latex/graphics-cfg\color.cfg
File: color.cfg 2016/01/02 v1.6 sample color configuration
)
Package color Info: Driver file: pdftex.def on input line 149.

(D:\Programs\LaTeX\MiKTeX\tex/latex/graphics\dvipsnam.def
File: dvipsnam.def 2016/06/17 v3.0m Driver-dependent file (DPC,SPQR)
))
(D:\Programs\LaTeX\MiKTeX\tex/latex/float\float.sty
Package: float 2001/11/08 v1.3d Float enhancements (AL)
\c@float@type=\count281
\float@exts=\toks23
\float@box=\box55
\@float@everytoks=\toks24
\@floatcapt=\box56
)
(D:\Programs\LaTeX\MiKTeX\tex/latex/amsmath\amsmath.sty
Package: amsmath 2021/10/15 v2.17l AMS math features
\@mathmargin=\skip50

For additional information on amsmath, use the `?' option.
(D:\Programs\LaTeX\MiKTeX\tex/latex/amsmath\amstext.sty
Package: amstext 2021/08/26 v2.01 AMS text

(D:\Programs\LaTeX\MiKTeX\tex/latex/amsmath\amsgen.sty
File: amsgen.sty 1999/11/30 v2.0 generic functions
\@emptytoks=\toks25
\ex@=\dimen162
))
(D:\Programs\LaTeX\MiKTeX\tex/latex/amsmath\amsbsy.sty
Package: amsbsy 1999/11/29 v1.2d Bold Symbols
\pmbraise@=\dimen163
)
(D:\Programs\LaTeX\MiKTeX\tex/latex/amsmath\amsopn.sty
Package: amsopn 2021/08/26 v2.02 operator names
)
\inf@bad=\count282
LaTeX Info: Redefining \frac on input line 234.
\uproot@=\count283
\leftroot@=\count284
LaTeX Info: Redefining \overline on input line 399.
\classnum@=\count285
\DOTSCASE@=\count286
LaTeX Info: Redefining \ldots on input line 496.
LaTeX Info: Redefining \dots on input line 499.
LaTeX Info: Redefining \cdots on input line 620.
\Mathstrutbox@=\box57
\strutbox@=\box58
\big@size=\dimen164
LaTeX Font Info:    Redeclaring font encoding OML on input line 743.
LaTeX Font Info:    Redeclaring font encoding OMS on input line 744.
\macc@depth=\count287
\c@MaxMatrixCols=\count288
\dotsspace@=\muskip16
\c@parentequation=\count289
\dspbrk@lvl=\count290
\tag@help=\toks26
\row@=\count291
\column@=\count292
\maxfields@=\count293
\andhelp@=\toks27
\eqnshift@=\dimen165
\alignsep@=\dimen166
\tagshift@=\dimen167
\tagwidth@=\dimen168
\totwidth@=\dimen169
\lineht@=\dimen170
\@envbody=\toks28
\multlinegap=\skip51
\multlinetaggap=\skip52
\mathdisplay@stack=\toks29
LaTeX Info: Redefining \[ on input line 2938.
LaTeX Info: Redefining \] on input line 2939.
)
(D:\Programs\LaTeX\MiKTeX\tex/latex/listings\lstlang1.sty
File: lstlang1.sty 2020/03/24 1.8d listings language file
)
(D:\Programs\LaTeX\MiKTeX\tex/latex/l3backend\l3backend-pdftex.def
File: l3backend-pdftex.def 2022-02-07 L3 backend support: PDF output (pdfTeX)
\l__color_backend_stack_int=\count294
\l__pdf_internal_box=\box59
)
(memoria.aux
LaTeX Info: Redefining \. on input line 5.
LaTeX Info: Redefining \% on input line 5.
LaTeX Info: Redefining \. on input line 6.
LaTeX Info: Redefining \% on input line 6.
)
\openout1 = `memoria.aux'.

LaTeX Font Info:    Checking defaults for OML/cmm/m/it on input line 115.
LaTeX Font Info:    ... okay on input line 115.
LaTeX Font Info:    Checking defaults for OMS/cmsy/m/n on input line 115.
LaTeX Font Info:    ... okay on input line 115.
LaTeX Font Info:    Checking defaults for OT1/cmr/m/n on input line 115.
LaTeX Font Info:    ... okay on input line 115.
LaTeX Font Info:    Checking defaults for T1/cmr/m/n on input line 115.
LaTeX Font Info:    ... okay on input line 115.
LaTeX Font Info:    Checking defaults for TS1/cmr/m/n on input line 115.
LaTeX Font Info:    ... okay on input line 115.
LaTeX Font Info:    Checking defaults for OMX/cmex/m/n on input line 115.
LaTeX Font Info:    ... okay on input line 115.
LaTeX Font Info:    Checking defaults for U/cmr/m/n on input line 115.
LaTeX Font Info:    ... okay on input line 115.
LaTeX Info: Redefining \microtypecontext on input line 115.
Package microtype Info: Applying patch `item' on input line 115.
Package microtype Info: Applying patch `toc' on input line 115.
Package microtype Info: Applying patch `eqnum' on input line 115.
Package microtype Info: Applying patch `footnote' on input line 115.
Package microtype Info: Generating PDF output.
Package microtype Info: Character protrusion enabled (level 2).
Package microtype Info: Using default protrusion set `alltext'.
Package microtype Info: Automatic font expansion enabled (level 2),
(microtype)             stretch: 20, shrink: 20, step: 1, non-selected.
Package microtype Info: Using default expansion set `alltext-nott'.
LaTeX Info: Redefining \showhyphens on input line 115.
Package microtype Info: No adjustment of tracking.
Package microtype Info: No adjustment of interword spacing.
Package microtype Info: No adjustment of character kerning.
 (D:\Programs\LaTeX\MiKTeX\tex/latex/microtype\mt-ppl.cfg
File: mt-ppl.cfg 2005/11/16 v1.6 microtype config. file: Palatino (RS)
)
LaTeX Info: Redefining \. on input line 115.
LaTeX Info: Redefining \% on input line 115.
\c@lstlisting=\count295

(D:\Programs\LaTeX\MiKTeX\tex/context/base/mkii\supp-pdf.mkii
[Loading MPS to PDF converter (version 2006.09.02).]
\scratchcounter=\count296
\scratchdimen=\dimen171
\scratchbox=\box60
\nofMPsegments=\count297
\nofMParguments=\count298
\everyMPshowfont=\toks30
\MPscratchCnt=\count299
\MPscratchDim=\dimen172
\MPnumerator=\count300
\makeMPintoPDFobject=\count301
\everyMPtoPDFconversion=\toks31
) (D:\Programs\LaTeX\MiKTeX\tex/latex/epstopdf-pkg\epstopdf-base.sty
Package: epstopdf-base 2020-01-24 v2.11 Base part for package epstopdf

(D:\Programs\LaTeX\MiKTeX\tex/generic/infwarerr\infwarerr.sty
Package: infwarerr 2019/12/03 v1.5 Providing info/warning/error messages (HO)
)
(D:\Programs\LaTeX\MiKTeX\tex/latex/grfext\grfext.sty
Package: grfext 2019/12/03 v1.3 Manage graphics extensions (HO)

(D:\Programs\LaTeX\MiKTeX\tex/generic/kvdefinekeys\kvdefinekeys.sty
Package: kvdefinekeys 2019-12-19 v1.6 Define keys (HO)
))
(D:\Programs\LaTeX\MiKTeX\tex/latex/kvoptions\kvoptions.sty
Package: kvoptions 2020-10-07 v3.14 Key value format for package options (HO)

(D:\Programs\LaTeX\MiKTeX\tex/generic/ltxcmds\ltxcmds.sty
Package: ltxcmds 2020-05-10 v1.25 LaTeX kernel commands for general use (HO)
)
(D:\Programs\LaTeX\MiKTeX\tex/generic/kvsetkeys\kvsetkeys.sty
Package: kvsetkeys 2019/12/15 v1.18 Key value parser (HO)
))
(D:\Programs\LaTeX\MiKTeX\tex/generic/pdftexcmds\pdftexcmds.sty
Package: pdftexcmds 2020-06-27 v0.33 Utility functions of pdfTeX for LuaTeX (HO
)

(D:\Programs\LaTeX\MiKTeX\tex/generic/iftex\iftex.sty
Package: iftex 2022/02/03 v1.0f TeX engine tests
)
Package pdftexcmds Info: \pdf@primitive is available.
Package pdftexcmds Info: \pdf@ifprimitive is available.
Package pdftexcmds Info: \pdfdraftmode found.
)
Package epstopdf-base Info: Redefining graphics rule for `.eps' on input line 4
85.
Package grfext Info: Graphics extension search list:
(grfext)             [.pdf,.png,.jpg,.mps,.jpeg,.jbig2,.jb2,.PDF,.PNG,.JPG,.JPE
G,.JBIG2,.JB2,.eps]
(grfext)             \AppendGraphicsExtensions on input line 504.

(D:\Programs\LaTeX\MiKTeX\tex/latex/00miktex\epstopdf-sys.cfg
File: epstopdf-sys.cfg 2021/03/18 v2.0 Configuration of epstopdf for MiKTeX
))
<./img//logo_urjc.jpg, id=1, 371.3875pt x 162.6075pt>
File: ./img//logo_urjc.jpg Graphic file (type jpg)
<use ./img//logo_urjc.jpg>
Package pdftex.def Info: ./img//logo_urjc.jpg  used on input line 117.
(pdftex.def)             Requested size: 148.55235pt x 65.04184pt.
 [1

{C:/Users/Anthony/AppData/Local/MiKTeX/fonts/map/pdftex/pdftex.map} <./img//log
o_urjc.jpg>]
LaTeX Font Info:    Trying to load font information for T1+cmtt on input line 1
42.

(D:\Programs\LaTeX\MiKTeX\tex/latex/base\t1cmtt.fd
File: t1cmtt.fd 2019/12/16 v2.5j Standard LaTeX font definitions
)
Package microtype Info: Loading generic protrusion settings for font family
(microtype)             `cmtt' (encoding: T1).
(microtype)             For optimal results, create family-specific settings.
(microtype)             See the microtype manual for details.
LaTeX Font Info:    Trying to load font information for OT1+ppl on input line 1
43.

(D:\Programs\LaTeX\MiKTeX\tex/latex/psnfss\ot1ppl.fd
File: ot1ppl.fd 2001/06/04 font definitions for OT1/ppl.
)
LaTeX Font Info:    Trying to load font information for OML+zplm on input line 
143.

(D:\Programs\LaTeX\MiKTeX\tex/latex/psnfss\omlzplm.fd
File: omlzplm.fd 2002/09/08 Fontinst v1.914 font definitions for OML/zplm.
)
LaTeX Font Info:    Trying to load font information for OMS+zplm on input line 
143.

(D:\Programs\LaTeX\MiKTeX\tex/latex/psnfss\omszplm.fd
File: omszplm.fd 2002/09/08 Fontinst v1.914 font definitions for OMS/zplm.
)
LaTeX Font Info:    Trying to load font information for OMX+zplm on input line 
143.

(D:\Programs\LaTeX\MiKTeX\tex/latex/psnfss\omxzplm.fd
File: omxzplm.fd 2002/09/08 Fontinst v1.914 font definitions for OMX/zplm.
)
LaTeX Font Info:    Trying to load font information for OT1+zplm on input line 
143.

(D:\Programs\LaTeX\MiKTeX\tex/latex/psnfss\ot1zplm.fd
File: ot1zplm.fd 2002/09/08 Fontinst v1.914 font definitions for OT1/zplm.
)
Package microtype Info: Loading generic protrusion settings for font family
(microtype)             `zplm' (encoding: OT1).
(microtype)             For optimal results, create family-specific settings.
(microtype)             See the microtype manual for details.
 [2] [3] [4] [5] [6]
[7]
<./img//NumRoots/NumRoots_A.png, id=34, 463.7325pt x 386.94562pt>
File: ./img//NumRoots/NumRoots_A.png Graphic file (type png)
<use ./img//NumRoots/NumRoots_A.png>
Package pdftex.def Info: ./img//NumRoots/NumRoots_A.png  used on input line 406
.
(pdftex.def)             Requested size: 227.62204pt x 189.93565pt.
<./img//NumRoots/NumRoots_Ba.png, id=36, 493.845pt x 399.74344pt>
File: ./img//NumRoots/NumRoots_Ba.png Graphic file (type png)
<use ./img//NumRoots/NumRoots_Ba.png>
Package pdftex.def Info: ./img//NumRoots/NumRoots_Ba.png  used on input line 41
3.
(pdftex.def)             Requested size: 284.52756pt x 230.30815pt.
 [8 <./img//NumRoots/NumRoots_A.png>]
<./img//NumRoots/NumRoots_Bb.png, id=41, 481.04718pt x 391.4625pt>
File: ./img//NumRoots/NumRoots_Bb.png Graphic file (type png)
<use ./img//NumRoots/NumRoots_Bb.png>
Package pdftex.def Info: ./img//NumRoots/NumRoots_Bb.png  used on input line 41
8.
(pdftex.def)             Requested size: 284.52756pt x 231.54623pt.
<./img//NumRoots/NumRoots_Ca.png, id=42, 472.01344pt x 389.20406pt>
File: ./img//NumRoots/NumRoots_Ca.png Graphic file (type png)
<use ./img//NumRoots/NumRoots_Ca.png>
Package pdftex.def Info: ./img//NumRoots/NumRoots_Ca.png  used on input line 42
5.
(pdftex.def)             Requested size: 284.52756pt x 234.61102pt.
 [9 <./img//NumRoots/NumRoots_Ba.png> <./img//NumRoots/NumRoots_Bb.png>]
<./img//NumRoots/NumRoots_Cb.png, id=48, 475.7775pt x 394.47375pt>
File: ./img//NumRoots/NumRoots_Cb.png Graphic file (type png)
<use ./img//NumRoots/NumRoots_Cb.png>
Package pdftex.def Info: ./img//NumRoots/NumRoots_Cb.png  used on input line 43
0.
(pdftex.def)             Requested size: 284.52756pt x 235.91562pt.
<./img//NumRoots/NumRoots_Da.png, id=49, 472.76625pt x 390.70969pt>
File: ./img//NumRoots/NumRoots_Da.png Graphic file (type png)
<use ./img//NumRoots/NumRoots_Da.png>
Package pdftex.def Info: ./img//NumRoots/NumRoots_Da.png  used on input line 43
7.
(pdftex.def)             Requested size: 284.52756pt x 235.14899pt.
 [10 <./img//NumRoots/NumRoots_Ca.png> <./img//NumRoots/NumRoots_Cb.png>]
<./img//NumRoots/NumRoots_Db.png, id=55, 478.03593pt x 395.97937pt>
File: ./img//NumRoots/NumRoots_Db.png Graphic file (type png)
<use ./img//NumRoots/NumRoots_Db.png>
Package pdftex.def Info: ./img//NumRoots/NumRoots_Db.png  used on input line 44
2.
(pdftex.def)             Requested size: 284.52756pt x 235.68617pt.
 [11 <./img//NumRoots/NumRoots_Da.png> <./img//NumRoots/NumRoots_Db.png>] (memo
ria.aux
LaTeX Info: Redefining \. on input line 5.
LaTeX Info: Redefining \% on input line 5.
LaTeX Info: Redefining \. on input line 6.
LaTeX Info: Redefining \% on input line 6.
) ) 
Here is how much of TeX's memory you used:
 9730 strings out of 478582
 151708 string characters out of 2853718
 711019 words of memory out of 3000000
 27593 multiletter control sequences out of 15000+600000
 507006 words of font info for 189 fonts, out of 8000000 for 9000
 1141 hyphenation exceptions out of 8191
 60i,13n,67p,1006b,1973s stack positions out of 10000i,1000n,20000p,200000b,80000s
 <C:\Users\Anthony\AppData\Local\MiKTeX\fonts/pk/ljfour/jknappen/ec/dpi600\e
ctt1000.pk>{D:/Programs/LaTeX/MiKTeX/fonts/enc/dvips/base/8r.enc}<D:/Programs/L
aTeX/MiKTeX/fonts/type1/public/amsfonts/cm/cmex10.pfb><D:/Programs/LaTeX/MiKTeX
/fonts/type1/public/amsfonts/cm/cmmi10.pfb><D:/Programs/LaTeX/MiKTeX/fonts/type
1/public/amsfonts/cm/cmr10.pfb><D:/Programs/LaTeX/MiKTeX/fonts/type1/public/ams
fonts/cm/cmsy10.pfb><D:/Programs/LaTeX/MiKTeX/fonts/type1/public/mathpazo/fplmr
i.pfb><D:/Programs/LaTeX/MiKTeX/fonts/type1/urw/palatino/uplb8a.pfb><D:/Program
s/LaTeX/MiKTeX/fonts/type1/urw/palatino/uplr8a.pfb><D:/Programs/LaTeX/MiKTeX/fo
nts/type1/urw/palatino/uplri8a.pfb>
Output written on memoria.pdf (11 pages, 242912 bytes).
PDF statistics:
 167 PDF objects out of 1000 (max. 8388607)
 0 named destinations out of 1000 (max. 500000)
 54825 words of extra memory for PDF output out of 61914 (max. 10000000)

